[2025-02-09 09:39:00] local.INFO: Preloaded Box Products: [{"stdClass":{"id":27,"branch_id":8,"product_id":516,"branch_name":"jaffna","product_name":"bd","total_quantity":15,"selling_price":"6655.00","created_at":"2025-02-08 11:41:57","updated_at":"2025-02-08 12:13:27","product_type":"box"}},{"stdClass":{"id":28,"branch_id":8,"product_id":517,"branch_name":"jaffna","product_name":"bxe","total_quantity":15,"selling_price":"14.00","created_at":"2025-02-08 11:41:57","updated_at":"2025-02-08 12:13:27","product_type":"box"}},{"stdClass":{"id":29,"branch_id":8,"product_id":518,"branch_name":"jaffna","product_name":"bvr","total_quantity":15,"selling_price":"16.00","created_at":"2025-02-08 11:41:57","updated_at":"2025-02-08 11:43:05","product_type":"box"}},{"stdClass":{"id":31,"branch_id":7,"product_id":516,"branch_name":"vavuniya","product_name":"bd","total_quantity":0,"selling_price":"6655.00","created_at":"2025-02-08 11:42:36","updated_at":"2025-02-08 13:29:43","product_type":"box"}},{"stdClass":{"id":32,"branch_id":7,"product_id":517,"branch_name":"vavuniya","product_name":"bxe","total_quantity":0,"selling_price":"14.00","created_at":"2025-02-08 11:42:36","updated_at":"2025-02-08 13:29:43","product_type":"box"}},{"stdClass":{"id":33,"branch_id":7,"product_id":518,"branch_name":"vavuniya","product_name":"bvr","total_quantity":0,"selling_price":"16.00","created_at":"2025-02-08 11:42:36","updated_at":"2025-02-08 13:29:43","product_type":"box"}},{"stdClass":{"id":34,"branch_id":11,"product_id":516,"branch_name":"elil","product_name":"bd","total_quantity":0,"selling_price":"6655.00","created_at":"2025-02-08 12:11:28","updated_at":"2025-02-08 12:13:27","product_type":"box"}},{"stdClass":{"id":35,"branch_id":11,"product_id":517,"branch_name":"elil","product_name":"bxe","total_quantity":0,"selling_price":"14.00","created_at":"2025-02-08 12:11:28","updated_at":"2025-02-08 13:31:45","product_type":"box"}}] 
[2025-02-09 09:39:00] local.INFO: Preloaded Flower Products: [{"stdClass":{"id":30,"branch_id":8,"product_id":7009,"branch_name":"jaffna","product_name":"f2","total_quantity":15,"selling_price":"6565.00","created_at":"2025-02-08 11:41:57","updated_at":"2025-02-08 11:41:57","product_type":"flower"}},{"stdClass":{"id":36,"branch_id":7,"product_id":7009,"branch_name":"vavuniya","product_name":"f2","total_quantity":12,"selling_price":"6565.00","created_at":"2025-02-08 12:37:30","updated_at":"2025-02-08 14:16:52","product_type":"flower"}},{"stdClass":{"id":37,"branch_id":7,"product_id":7010,"branch_name":"vavuniya","product_name":"f3","total_quantity":2,"selling_price":"145.00","created_at":"2025-02-08 12:37:31","updated_at":"2025-02-08 14:16:52","product_type":"flower"}},{"stdClass":{"id":38,"branch_id":11,"product_id":7009,"branch_name":"elil","product_name":"f2","total_quantity":0,"selling_price":"6565.00","created_at":"2025-02-08 13:30:20","updated_at":"2025-02-08 13:31:45","product_type":"flower"}}] 
[2025-02-09 09:39:03] local.INFO: Fetching products for Branch ID: 8, Category: box  
[2025-02-09 09:39:15] local.INFO: Preloaded Box Products: [{"stdClass":{"id":27,"branch_id":8,"product_id":516,"branch_name":"jaffna","product_name":"bd","total_quantity":15,"selling_price":"6655.00","created_at":"2025-02-08 11:41:57","updated_at":"2025-02-08 12:13:27","product_type":"box"}},{"stdClass":{"id":28,"branch_id":8,"product_id":517,"branch_name":"jaffna","product_name":"bxe","total_quantity":15,"selling_price":"14.00","created_at":"2025-02-08 11:41:57","updated_at":"2025-02-08 12:13:27","product_type":"box"}},{"stdClass":{"id":29,"branch_id":8,"product_id":518,"branch_name":"jaffna","product_name":"bvr","total_quantity":15,"selling_price":"16.00","created_at":"2025-02-08 11:41:57","updated_at":"2025-02-08 11:43:05","product_type":"box"}},{"stdClass":{"id":31,"branch_id":7,"product_id":516,"branch_name":"vavuniya","product_name":"bd","total_quantity":0,"selling_price":"6655.00","created_at":"2025-02-08 11:42:36","updated_at":"2025-02-08 13:29:43","product_type":"box"}},{"stdClass":{"id":32,"branch_id":7,"product_id":517,"branch_name":"vavuniya","product_name":"bxe","total_quantity":0,"selling_price":"14.00","created_at":"2025-02-08 11:42:36","updated_at":"2025-02-08 13:29:43","product_type":"box"}},{"stdClass":{"id":33,"branch_id":7,"product_id":518,"branch_name":"vavuniya","product_name":"bvr","total_quantity":0,"selling_price":"16.00","created_at":"2025-02-08 11:42:36","updated_at":"2025-02-08 13:29:43","product_type":"box"}},{"stdClass":{"id":34,"branch_id":11,"product_id":516,"branch_name":"elil","product_name":"bd","total_quantity":0,"selling_price":"6655.00","created_at":"2025-02-08 12:11:28","updated_at":"2025-02-08 12:13:27","product_type":"box"}},{"stdClass":{"id":35,"branch_id":11,"product_id":517,"branch_name":"elil","product_name":"bxe","total_quantity":0,"selling_price":"14.00","created_at":"2025-02-08 12:11:28","updated_at":"2025-02-08 13:31:45","product_type":"box"}}] 
[2025-02-09 09:39:15] local.INFO: Preloaded Flower Products: [{"stdClass":{"id":30,"branch_id":8,"product_id":7009,"branch_name":"jaffna","product_name":"f2","total_quantity":15,"selling_price":"6565.00","created_at":"2025-02-08 11:41:57","updated_at":"2025-02-08 11:41:57","product_type":"flower"}},{"stdClass":{"id":36,"branch_id":7,"product_id":7009,"branch_name":"vavuniya","product_name":"f2","total_quantity":12,"selling_price":"6565.00","created_at":"2025-02-08 12:37:30","updated_at":"2025-02-08 14:16:52","product_type":"flower"}},{"stdClass":{"id":37,"branch_id":7,"product_id":7010,"branch_name":"vavuniya","product_name":"f3","total_quantity":2,"selling_price":"145.00","created_at":"2025-02-08 12:37:31","updated_at":"2025-02-08 14:16:52","product_type":"flower"}},{"stdClass":{"id":38,"branch_id":11,"product_id":7009,"branch_name":"elil","product_name":"f2","total_quantity":0,"selling_price":"6565.00","created_at":"2025-02-08 13:30:20","updated_at":"2025-02-08 13:31:45","product_type":"flower"}}] 
[2025-02-09 09:39:20] local.INFO: Fetching products for Branch ID: 11, Category: box  
[2025-02-09 09:39:20] local.INFO: Fetching products for Branch ID: 11, Category: flower  
[2025-02-09 09:39:24] local.INFO: Fetching products for Branch ID: 8, Category: flower  
[2025-02-09 09:39:27] local.INFO: Fetching products for Branch ID: 8, Category: box  
[2025-02-09 09:39:40] local.INFO: Preloaded Box Products: [{"stdClass":{"id":27,"branch_id":8,"product_id":516,"branch_name":"jaffna","product_name":"bd","total_quantity":9,"selling_price":"6655.00","created_at":"2025-02-08 11:41:57","updated_at":"2025-02-09 09:39:40","product_type":"box"}},{"stdClass":{"id":28,"branch_id":8,"product_id":517,"branch_name":"jaffna","product_name":"bxe","total_quantity":8,"selling_price":"14.00","created_at":"2025-02-08 11:41:57","updated_at":"2025-02-09 09:39:40","product_type":"box"}},{"stdClass":{"id":29,"branch_id":8,"product_id":518,"branch_name":"jaffna","product_name":"bvr","total_quantity":15,"selling_price":"16.00","created_at":"2025-02-08 11:41:57","updated_at":"2025-02-08 11:43:05","product_type":"box"}},{"stdClass":{"id":31,"branch_id":7,"product_id":516,"branch_name":"vavuniya","product_name":"bd","total_quantity":6,"selling_price":"6655.00","created_at":"2025-02-08 11:42:36","updated_at":"2025-02-09 09:39:40","product_type":"box"}},{"stdClass":{"id":32,"branch_id":7,"product_id":517,"branch_name":"vavuniya","product_name":"bxe","total_quantity":7,"selling_price":"14.00","created_at":"2025-02-08 11:42:36","updated_at":"2025-02-09 09:39:40","product_type":"box"}},{"stdClass":{"id":33,"branch_id":7,"product_id":518,"branch_name":"vavuniya","product_name":"bvr","total_quantity":0,"selling_price":"16.00","created_at":"2025-02-08 11:42:36","updated_at":"2025-02-08 13:29:43","product_type":"box"}},{"stdClass":{"id":34,"branch_id":11,"product_id":516,"branch_name":"elil","product_name":"bd","total_quantity":0,"selling_price":"6655.00","created_at":"2025-02-08 12:11:28","updated_at":"2025-02-08 12:13:27","product_type":"box"}},{"stdClass":{"id":35,"branch_id":11,"product_id":517,"branch_name":"elil","product_name":"bxe","total_quantity":0,"selling_price":"14.00","created_at":"2025-02-08 12:11:28","updated_at":"2025-02-08 13:31:45","product_type":"box"}}] 
[2025-02-09 09:39:40] local.INFO: Preloaded Flower Products: [{"stdClass":{"id":30,"branch_id":8,"product_id":7009,"branch_name":"jaffna","product_name":"f2","total_quantity":15,"selling_price":"6565.00","created_at":"2025-02-08 11:41:57","updated_at":"2025-02-08 11:41:57","product_type":"flower"}},{"stdClass":{"id":36,"branch_id":7,"product_id":7009,"branch_name":"vavuniya","product_name":"f2","total_quantity":12,"selling_price":"6565.00","created_at":"2025-02-08 12:37:30","updated_at":"2025-02-08 14:16:52","product_type":"flower"}},{"stdClass":{"id":37,"branch_id":7,"product_id":7010,"branch_name":"vavuniya","product_name":"f3","total_quantity":2,"selling_price":"145.00","created_at":"2025-02-08 12:37:31","updated_at":"2025-02-08 14:16:52","product_type":"flower"}},{"stdClass":{"id":38,"branch_id":11,"product_id":7009,"branch_name":"elil","product_name":"f2","total_quantity":0,"selling_price":"6565.00","created_at":"2025-02-08 13:30:20","updated_at":"2025-02-08 13:31:45","product_type":"flower"}}] 
[2025-02-09 09:46:38] local.INFO: Preloaded Box Products: [{"stdClass":{"id":27,"branch_id":8,"product_id":516,"branch_name":"jaffna","product_name":"bd","total_quantity":9,"selling_price":"6655.00","created_at":"2025-02-08 11:41:57","updated_at":"2025-02-09 09:39:40","product_type":"box"}},{"stdClass":{"id":28,"branch_id":8,"product_id":517,"branch_name":"jaffna","product_name":"bxe","total_quantity":8,"selling_price":"14.00","created_at":"2025-02-08 11:41:57","updated_at":"2025-02-09 09:39:40","product_type":"box"}},{"stdClass":{"id":29,"branch_id":8,"product_id":518,"branch_name":"jaffna","product_name":"bvr","total_quantity":15,"selling_price":"16.00","created_at":"2025-02-08 11:41:57","updated_at":"2025-02-08 11:43:05","product_type":"box"}},{"stdClass":{"id":31,"branch_id":7,"product_id":516,"branch_name":"vavuniya","product_name":"bd","total_quantity":6,"selling_price":"6655.00","created_at":"2025-02-08 11:42:36","updated_at":"2025-02-09 09:39:40","product_type":"box"}},{"stdClass":{"id":32,"branch_id":7,"product_id":517,"branch_name":"vavuniya","product_name":"bxe","total_quantity":7,"selling_price":"14.00","created_at":"2025-02-08 11:42:36","updated_at":"2025-02-09 09:39:40","product_type":"box"}},{"stdClass":{"id":33,"branch_id":7,"product_id":518,"branch_name":"vavuniya","product_name":"bvr","total_quantity":0,"selling_price":"16.00","created_at":"2025-02-08 11:42:36","updated_at":"2025-02-08 13:29:43","product_type":"box"}},{"stdClass":{"id":34,"branch_id":11,"product_id":516,"branch_name":"elil","product_name":"bd","total_quantity":0,"selling_price":"6655.00","created_at":"2025-02-08 12:11:28","updated_at":"2025-02-08 12:13:27","product_type":"box"}},{"stdClass":{"id":35,"branch_id":11,"product_id":517,"branch_name":"elil","product_name":"bxe","total_quantity":0,"selling_price":"14.00","created_at":"2025-02-08 12:11:28","updated_at":"2025-02-08 13:31:45","product_type":"box"}}] 
[2025-02-09 09:46:38] local.INFO: Preloaded Flower Products: [{"stdClass":{"id":30,"branch_id":8,"product_id":7009,"branch_name":"jaffna","product_name":"f2","total_quantity":15,"selling_price":"6565.00","created_at":"2025-02-08 11:41:57","updated_at":"2025-02-08 11:41:57","product_type":"flower"}},{"stdClass":{"id":36,"branch_id":7,"product_id":7009,"branch_name":"vavuniya","product_name":"f2","total_quantity":12,"selling_price":"6565.00","created_at":"2025-02-08 12:37:30","updated_at":"2025-02-08 14:16:52","product_type":"flower"}},{"stdClass":{"id":37,"branch_id":7,"product_id":7010,"branch_name":"vavuniya","product_name":"f3","total_quantity":2,"selling_price":"145.00","created_at":"2025-02-08 12:37:31","updated_at":"2025-02-08 14:16:52","product_type":"flower"}},{"stdClass":{"id":38,"branch_id":11,"product_id":7009,"branch_name":"elil","product_name":"f2","total_quantity":0,"selling_price":"6565.00","created_at":"2025-02-08 13:30:20","updated_at":"2025-02-08 13:31:45","product_type":"flower"}}] 
[2025-02-09 10:02:25] local.ERROR: syntax error, unexpected token ")" {"view":{"view":"D:\\papachchi-accounting-main\\resources\\views\\Report\\filter.blade.php","data":{"errors":"<pre class=sf-dump id=sf-dump-2034835810 data-indent-pad=\"  \"><span class=sf-dump-note>Illuminate\\Support\\ViewErrorBag</span> {<a class=sf-dump-ref>#1340</a><samp data-depth=1 class=sf-dump-expanded>
  #<span class=sf-dump-protected title=\"Protected property\">bags</span>: []
</samp>}
</pre><script>Sfdump(\"sf-dump-2034835810\", {\"maxDepth\":3,\"maxStringLength\":160})</script>
","data":"<pre class=sf-dump id=sf-dump-1526436727 data-indent-pad=\"  \"><span class=sf-dump-note>Illuminate\\Support\\Collection</span> {<a class=sf-dump-ref>#1347</a><samp data-depth=1 class=sf-dump-expanded>
  #<span class=sf-dump-protected title=\"Protected property\">items</span>: <span class=sf-dump-note>array:7</span> [<samp data-depth=2 class=sf-dump-compact>
    <span class=sf-dump-index>0</span> => {<a class=sf-dump-ref>#1350</a><samp data-depth=3 class=sf-dump-compact>
      +\"<span class=sf-dump-public title=\"Runtime added dynamic property\">transfer_id</span>\": <span class=sf-dump-num>203</span>
      +\"<span class=sf-dump-public title=\"Runtime added dynamic property\">transaction_id</span>\": \"<span class=sf-dump-str title=\"17 characters\">txn_67a6f5b6201f1</span>\"
      +\"<span class=sf-dump-public title=\"Runtime added dynamic property\">branch_id</span>\": <span class=sf-dump-num>7</span>
      +\"<span class=sf-dump-public title=\"Runtime added dynamic property\">total</span>\": \"<span class=sf-dump-str title=\"7 characters\">6685.00</span>\"
      +\"<span class=sf-dump-public title=\"Runtime added dynamic property\">transfer_status</span>\": \"<span class=sf-dump-str title=\"4 characters\">fail</span>\"
      +\"<span class=sf-dump-public title=\"Runtime added dynamic property\">payment_method</span>\": <span class=sf-dump-const>null</span>
      +\"<span class=sf-dump-public title=\"Runtime added dynamic property\">product_name</span>\": \"<span class=sf-dump-str title=\"2 characters\">bd</span>\"
      +\"<span class=sf-dump-public title=\"Runtime added dynamic property\">branch_name</span>\": \"<span class=sf-dump-str title=\"8 characters\">vavuniya</span>\"
      +\"<span class=sf-dump-public title=\"Runtime added dynamic property\">branch_name_2</span>\": \"<span class=sf-dump-str title=\"6 characters\">jaffna</span>\"
    </samp>}
    <span class=sf-dump-index>1</span> => {<a class=sf-dump-ref>#1353</a><samp data-depth=3 class=sf-dump-compact>
      +\"<span class=sf-dump-public title=\"Runtime added dynamic property\">transfer_id</span>\": <span class=sf-dump-num>203</span>
      +\"<span class=sf-dump-public title=\"Runtime added dynamic property\">transaction_id</span>\": \"<span class=sf-dump-str title=\"17 characters\">txn_67a6f5b6201f1</span>\"
      +\"<span class=sf-dump-public title=\"Runtime added dynamic property\">branch_id</span>\": <span class=sf-dump-num>7</span>
      +\"<span class=sf-dump-public title=\"Runtime added dynamic property\">total</span>\": \"<span class=sf-dump-str title=\"7 characters\">6685.00</span>\"
      +\"<span class=sf-dump-public title=\"Runtime added dynamic property\">transfer_status</span>\": \"<span class=sf-dump-str title=\"4 characters\">fail</span>\"
      +\"<span class=sf-dump-public title=\"Runtime added dynamic property\">payment_method</span>\": <span class=sf-dump-const>null</span>
      +\"<span class=sf-dump-public title=\"Runtime added dynamic property\">product_name</span>\": \"<span class=sf-dump-str title=\"3 characters\">bxe</span>\"
      +\"<span class=sf-dump-public title=\"Runtime added dynamic property\">branch_name</span>\": \"<span class=sf-dump-str title=\"8 characters\">vavuniya</span>\"
      +\"<span class=sf-dump-public title=\"Runtime added dynamic property\">branch_name_2</span>\": \"<span class=sf-dump-str title=\"6 characters\">jaffna</span>\"
    </samp>}
    <span class=sf-dump-index>2</span> => {<a class=sf-dump-ref>#1351</a><samp data-depth=3 class=sf-dump-compact>
      +\"<span class=sf-dump-public title=\"Runtime added dynamic property\">transfer_id</span>\": <span class=sf-dump-num>203</span>
      +\"<span class=sf-dump-public title=\"Runtime added dynamic property\">transaction_id</span>\": \"<span class=sf-dump-str title=\"17 characters\">txn_67a6f5b6201f1</span>\"
      +\"<span class=sf-dump-public title=\"Runtime added dynamic property\">branch_id</span>\": <span class=sf-dump-num>7</span>
      +\"<span class=sf-dump-public title=\"Runtime added dynamic property\">total</span>\": \"<span class=sf-dump-str title=\"7 characters\">6685.00</span>\"
      +\"<span class=sf-dump-public title=\"Runtime added dynamic property\">transfer_status</span>\": \"<span class=sf-dump-str title=\"4 characters\">fail</span>\"
      +\"<span class=sf-dump-public title=\"Runtime added dynamic property\">payment_method</span>\": <span class=sf-dump-const>null</span>
      +\"<span class=sf-dump-public title=\"Runtime added dynamic property\">product_name</span>\": \"<span class=sf-dump-str title=\"3 characters\">bvr</span>\"
      +\"<span class=sf-dump-public title=\"Runtime added dynamic property\">branch_name</span>\": \"<span class=sf-dump-str title=\"8 characters\">vavuniya</span>\"
      +\"<span class=sf-dump-public title=\"Runtime added dynamic property\">branch_name_2</span>\": \"<span class=sf-dump-str title=\"6 characters\">jaffna</span>\"
    </samp>}
    <span class=sf-dump-index>3</span> => {<a class=sf-dump-ref>#1352</a><samp data-depth=3 class=sf-dump-compact>
      +\"<span class=sf-dump-public title=\"Runtime added dynamic property\">transfer_id</span>\": <span class=sf-dump-num>205</span>
      +\"<span class=sf-dump-public title=\"Runtime added dynamic property\">transaction_id</span>\": \"<span class=sf-dump-str title=\"17 characters\">txn_67a82a6bdffb8</span>\"
      +\"<span class=sf-dump-public title=\"Runtime added dynamic property\">branch_id</span>\": <span class=sf-dump-num>7</span>
      +\"<span class=sf-dump-public title=\"Runtime added dynamic property\">total</span>\": \"<span class=sf-dump-str title=\"8 characters\">40028.00</span>\"
      +\"<span class=sf-dump-public title=\"Runtime added dynamic property\">transfer_status</span>\": \"<span class=sf-dump-str title=\"4 characters\">fail</span>\"
      +\"<span class=sf-dump-public title=\"Runtime added dynamic property\">payment_method</span>\": <span class=sf-dump-const>null</span>
      +\"<span class=sf-dump-public title=\"Runtime added dynamic property\">product_name</span>\": \"<span class=sf-dump-str title=\"2 characters\">bd</span>\"
      +\"<span class=sf-dump-public title=\"Runtime added dynamic property\">branch_name</span>\": \"<span class=sf-dump-str title=\"8 characters\">vavuniya</span>\"
      +\"<span class=sf-dump-public title=\"Runtime added dynamic property\">branch_name_2</span>\": \"<span class=sf-dump-str title=\"6 characters\">jaffna</span>\"
    </samp>}
    <span class=sf-dump-index>4</span> => {<a class=sf-dump-ref>#1356</a><samp data-depth=3 class=sf-dump-compact>
      +\"<span class=sf-dump-public title=\"Runtime added dynamic property\">transfer_id</span>\": <span class=sf-dump-num>205</span>
      +\"<span class=sf-dump-public title=\"Runtime added dynamic property\">transaction_id</span>\": \"<span class=sf-dump-str title=\"17 characters\">txn_67a82a6bdffb8</span>\"
      +\"<span class=sf-dump-public title=\"Runtime added dynamic property\">branch_id</span>\": <span class=sf-dump-num>7</span>
      +\"<span class=sf-dump-public title=\"Runtime added dynamic property\">total</span>\": \"<span class=sf-dump-str title=\"8 characters\">40028.00</span>\"
      +\"<span class=sf-dump-public title=\"Runtime added dynamic property\">transfer_status</span>\": \"<span class=sf-dump-str title=\"4 characters\">fail</span>\"
      +\"<span class=sf-dump-public title=\"Runtime added dynamic property\">payment_method</span>\": <span class=sf-dump-const>null</span>
      +\"<span class=sf-dump-public title=\"Runtime added dynamic property\">product_name</span>\": \"<span class=sf-dump-str title=\"3 characters\">bxe</span>\"
      +\"<span class=sf-dump-public title=\"Runtime added dynamic property\">branch_name</span>\": \"<span class=sf-dump-str title=\"8 characters\">vavuniya</span>\"
      +\"<span class=sf-dump-public title=\"Runtime added dynamic property\">branch_name_2</span>\": \"<span class=sf-dump-str title=\"6 characters\">jaffna</span>\"
    </samp>}
    <span class=sf-dump-index>5</span> => {<a class=sf-dump-ref>#1354</a><samp data-depth=3 class=sf-dump-compact>
      +\"<span class=sf-dump-public title=\"Runtime added dynamic property\">transfer_id</span>\": <span class=sf-dump-num>204</span>
      +\"<span class=sf-dump-public title=\"Runtime added dynamic property\">transaction_id</span>\": \"<span class=sf-dump-str title=\"17 characters\">txn_67a6fc85d8c69</span>\"
      +\"<span class=sf-dump-public title=\"Runtime added dynamic property\">branch_id</span>\": <span class=sf-dump-num>11</span>
      +\"<span class=sf-dump-public title=\"Runtime added dynamic property\">total</span>\": \"<span class=sf-dump-str title=\"8 characters\">33345.00</span>\"
      +\"<span class=sf-dump-public title=\"Runtime added dynamic property\">transfer_status</span>\": \"<span class=sf-dump-str title=\"4 characters\">fail</span>\"
      +\"<span class=sf-dump-public title=\"Runtime added dynamic property\">payment_method</span>\": <span class=sf-dump-const>null</span>
      +\"<span class=sf-dump-public title=\"Runtime added dynamic property\">product_name</span>\": \"<span class=sf-dump-str title=\"2 characters\">bd</span>\"
      +\"<span class=sf-dump-public title=\"Runtime added dynamic property\">branch_name</span>\": \"<span class=sf-dump-str title=\"4 characters\">elil</span>\"
      +\"<span class=sf-dump-public title=\"Runtime added dynamic property\">branch_name_2</span>\": \"<span class=sf-dump-str title=\"6 characters\">jaffna</span>\"
    </samp>}
    <span class=sf-dump-index>6</span> => {<a class=sf-dump-ref>#1355</a><samp data-depth=3 class=sf-dump-compact>
      +\"<span class=sf-dump-public title=\"Runtime added dynamic property\">transfer_id</span>\": <span class=sf-dump-num>204</span>
      +\"<span class=sf-dump-public title=\"Runtime added dynamic property\">transaction_id</span>\": \"<span class=sf-dump-str title=\"17 characters\">txn_67a6fc85d8c69</span>\"
      +\"<span class=sf-dump-public title=\"Runtime added dynamic property\">branch_id</span>\": <span class=sf-dump-num>11</span>
      +\"<span class=sf-dump-public title=\"Runtime added dynamic property\">total</span>\": \"<span class=sf-dump-str title=\"8 characters\">33345.00</span>\"
      +\"<span class=sf-dump-public title=\"Runtime added dynamic property\">transfer_status</span>\": \"<span class=sf-dump-str title=\"4 characters\">fail</span>\"
      +\"<span class=sf-dump-public title=\"Runtime added dynamic property\">payment_method</span>\": <span class=sf-dump-const>null</span>
      +\"<span class=sf-dump-public title=\"Runtime added dynamic property\">product_name</span>\": \"<span class=sf-dump-str title=\"3 characters\">bxe</span>\"
      +\"<span class=sf-dump-public title=\"Runtime added dynamic property\">branch_name</span>\": \"<span class=sf-dump-str title=\"4 characters\">elil</span>\"
      +\"<span class=sf-dump-public title=\"Runtime added dynamic property\">branch_name_2</span>\": \"<span class=sf-dump-str title=\"6 characters\">jaffna</span>\"
    </samp>}
  </samp>]
  #<span class=sf-dump-protected title=\"Protected property\">escapeWhenCastingToString</span>: <span class=sf-dump-const>false</span>
</samp>}
</pre><script>Sfdump(\"sf-dump-1526436727\", {\"maxDepth\":3,\"maxStringLength\":160})</script>
","filterType":"<pre class=sf-dump id=sf-dump-103472348 data-indent-pad=\"  \">\"<span class=sf-dump-str title=\"8 characters\">transfer</span>\"
</pre><script>Sfdump(\"sf-dump-103472348\", {\"maxDepth\":3,\"maxStringLength\":160})</script>
","startDate":"<pre class=sf-dump id=sf-dump-1347506052 data-indent-pad=\"  \"><span class=sf-dump-const>null</span>
</pre><script>Sfdump(\"sf-dump-1347506052\", {\"maxDepth\":3,\"maxStringLength\":160})</script>
","endDate":"<pre class=sf-dump id=sf-dump-1954664318 data-indent-pad=\"  \"><span class=sf-dump-const>null</span>
</pre><script>Sfdump(\"sf-dump-1954664318\", {\"maxDepth\":3,\"maxStringLength\":160})</script>
","status":"<pre class=sf-dump id=sf-dump-581040862 data-indent-pad=\"  \"><span class=sf-dump-const>null</span>
</pre><script>Sfdump(\"sf-dump-581040862\", {\"maxDepth\":3,\"maxStringLength\":160})</script>
","branchName":"<pre class=sf-dump id=sf-dump-1221015559 data-indent-pad=\"  \"><span class=sf-dump-const>null</span>
</pre><script>Sfdump(\"sf-dump-1221015559\", {\"maxDepth\":3,\"maxStringLength\":160})</script>
","total":"<pre class=sf-dump id=sf-dump-74342472 data-indent-pad=\"  \">\"<span class=sf-dump-str title=\"10 characters\">1838338.00</span>\"
</pre><script>Sfdump(\"sf-dump-74342472\", {\"maxDepth\":3,\"maxStringLength\":160})</script>
"}},"userId":1,"exception":"[object] (Spatie\\LaravelIgnition\\Exceptions\\ViewException(code: 0): syntax error, unexpected token \")\" at D:\\papachchi-accounting-main\\resources\\views\\Report\\filter.blade.php:141)
[stacktrace]
#0 D:\\papachchi-accounting-main\\vendor\\laravel\\framework\\src\\Illuminate\\Filesystem\\Filesystem.php(124): Illuminate\\Filesystem\\Filesystem::Illuminate\\Filesystem\\{closure}()
#1 D:\\papachchi-accounting-main\\vendor\\laravel\\framework\\src\\Illuminate\\View\\Engines\\PhpEngine.php(58): Illuminate\\Filesystem\\Filesystem->getRequire('D:\\\\papachchi-ac...', Array)
#2 D:\\papachchi-accounting-main\\vendor\\laravel\\framework\\src\\Illuminate\\View\\Engines\\CompilerEngine.php(72): Illuminate\\View\\Engines\\PhpEngine->evaluatePath('D:\\\\papachchi-ac...', Array)
#3 D:\\papachchi-accounting-main\\vendor\\laravel\\framework\\src\\Illuminate\\View\\View.php(207): Illuminate\\View\\Engines\\CompilerEngine->get('D:\\\\papachchi-ac...', Array)
#4 D:\\papachchi-accounting-main\\vendor\\laravel\\framework\\src\\Illuminate\\View\\View.php(190): Illuminate\\View\\View->getContents()
#5 D:\\papachchi-accounting-main\\vendor\\laravel\\framework\\src\\Illuminate\\View\\View.php(159): Illuminate\\View\\View->renderContents()
#6 D:\\papachchi-accounting-main\\vendor\\laravel\\framework\\src\\Illuminate\\Http\\Response.php(69): Illuminate\\View\\View->render()
#7 D:\\papachchi-accounting-main\\vendor\\laravel\\framework\\src\\Illuminate\\Http\\Response.php(35): Illuminate\\Http\\Response->setContent(Object(Illuminate\\View\\View))
#8 D:\\papachchi-accounting-main\\vendor\\laravel\\framework\\src\\Illuminate\\Routing\\Router.php(918): Illuminate\\Http\\Response->__construct(Object(Illuminate\\View\\View), 200, Array)
#9 D:\\papachchi-accounting-main\\vendor\\laravel\\framework\\src\\Illuminate\\Routing\\Router.php(885): Illuminate\\Routing\\Router::toResponse(Object(Illuminate\\Http\\Request), Object(Illuminate\\View\\View))
#10 D:\\papachchi-accounting-main\\vendor\\laravel\\framework\\src\\Illuminate\\Routing\\Router.php(805): Illuminate\\Routing\\Router->prepareResponse(Object(Illuminate\\Http\\Request), Object(Illuminate\\View\\View))
#11 D:\\papachchi-accounting-main\\vendor\\laravel\\framework\\src\\Illuminate\\Pipeline\\Pipeline.php(144): Illuminate\\Routing\\Router->Illuminate\\Routing\\{closure}(Object(Illuminate\\Http\\Request))
#12 D:\\papachchi-accounting-main\\vendor\\laravel\\framework\\src\\Illuminate\\Routing\\Middleware\\SubstituteBindings.php(50): Illuminate\\Pipeline\\Pipeline->Illuminate\\Pipeline\\{closure}(Object(Illuminate\\Http\\Request))
#13 D:\\papachchi-accounting-main\\vendor\\laravel\\framework\\src\\Illuminate\\Pipeline\\Pipeline.php(183): Illuminate\\Routing\\Middleware\\SubstituteBindings->handle(Object(Illuminate\\Http\\Request), Object(Closure))
#14 D:\\papachchi-accounting-main\\vendor\\laravel\\framework\\src\\Illuminate\\Foundation\\Http\\Middleware\\VerifyCsrfToken.php(78): Illuminate\\Pipeline\\Pipeline->Illuminate\\Pipeline\\{closure}(Object(Illuminate\\Http\\Request))
#15 D:\\papachchi-accounting-main\\vendor\\laravel\\framework\\src\\Illuminate\\Pipeline\\Pipeline.php(183): Illuminate\\Foundation\\Http\\Middleware\\VerifyCsrfToken->handle(Object(Illuminate\\Http\\Request), Object(Closure))
#16 D:\\papachchi-accounting-main\\vendor\\laravel\\framework\\src\\Illuminate\\View\\Middleware\\ShareErrorsFromSession.php(49): Illuminate\\Pipeline\\Pipeline->Illuminate\\Pipeline\\{closure}(Object(Illuminate\\Http\\Request))
#17 D:\\papachchi-accounting-main\\vendor\\laravel\\framework\\src\\Illuminate\\Pipeline\\Pipeline.php(183): Illuminate\\View\\Middleware\\ShareErrorsFromSession->handle(Object(Illuminate\\Http\\Request), Object(Closure))
#18 D:\\papachchi-accounting-main\\vendor\\laravel\\framework\\src\\Illuminate\\Session\\Middleware\\StartSession.php(121): Illuminate\\Pipeline\\Pipeline->Illuminate\\Pipeline\\{closure}(Object(Illuminate\\Http\\Request))
#19 D:\\papachchi-accounting-main\\vendor\\laravel\\framework\\src\\Illuminate\\Session\\Middleware\\StartSession.php(64): Illuminate\\Session\\Middleware\\StartSession->handleStatefulRequest(Object(Illuminate\\Http\\Request), Object(Illuminate\\Session\\Store), Object(Closure))
#20 D:\\papachchi-accounting-main\\vendor\\laravel\\framework\\src\\Illuminate\\Pipeline\\Pipeline.php(183): Illuminate\\Session\\Middleware\\StartSession->handle(Object(Illuminate\\Http\\Request), Object(Closure))
#21 D:\\papachchi-accounting-main\\vendor\\laravel\\framework\\src\\Illuminate\\Cookie\\Middleware\\AddQueuedCookiesToResponse.php(37): Illuminate\\Pipeline\\Pipeline->Illuminate\\Pipeline\\{closure}(Object(Illuminate\\Http\\Request))
#22 D:\\papachchi-accounting-main\\vendor\\laravel\\framework\\src\\Illuminate\\Pipeline\\Pipeline.php(183): Illuminate\\Cookie\\Middleware\\AddQueuedCookiesToResponse->handle(Object(Illuminate\\Http\\Request), Object(Closure))
#23 D:\\papachchi-accounting-main\\vendor\\laravel\\framework\\src\\Illuminate\\Cookie\\Middleware\\EncryptCookies.php(67): Illuminate\\Pipeline\\Pipeline->Illuminate\\Pipeline\\{closure}(Object(Illuminate\\Http\\Request))
#24 D:\\papachchi-accounting-main\\vendor\\laravel\\framework\\src\\Illuminate\\Pipeline\\Pipeline.php(183): Illuminate\\Cookie\\Middleware\\EncryptCookies->handle(Object(Illuminate\\Http\\Request), Object(Closure))
#25 D:\\papachchi-accounting-main\\vendor\\laravel\\framework\\src\\Illuminate\\Pipeline\\Pipeline.php(119): Illuminate\\Pipeline\\Pipeline->Illuminate\\Pipeline\\{closure}(Object(Illuminate\\Http\\Request))
#26 D:\\papachchi-accounting-main\\vendor\\laravel\\framework\\src\\Illuminate\\Routing\\Router.php(805): Illuminate\\Pipeline\\Pipeline->then(Object(Closure))
#27 D:\\papachchi-accounting-main\\vendor\\laravel\\framework\\src\\Illuminate\\Routing\\Router.php(784): Illuminate\\Routing\\Router->runRouteWithinStack(Object(Illuminate\\Routing\\Route), Object(Illuminate\\Http\\Request))
#28 D:\\papachchi-accounting-main\\vendor\\laravel\\framework\\src\\Illuminate\\Routing\\Router.php(748): Illuminate\\Routing\\Router->runRoute(Object(Illuminate\\Http\\Request), Object(Illuminate\\Routing\\Route))
#29 D:\\papachchi-accounting-main\\vendor\\laravel\\framework\\src\\Illuminate\\Routing\\Router.php(737): Illuminate\\Routing\\Router->dispatchToRoute(Object(Illuminate\\Http\\Request))
#30 D:\\papachchi-accounting-main\\vendor\\laravel\\framework\\src\\Illuminate\\Foundation\\Http\\Kernel.php(200): Illuminate\\Routing\\Router->dispatch(Object(Illuminate\\Http\\Request))
#31 D:\\papachchi-accounting-main\\vendor\\laravel\\framework\\src\\Illuminate\\Pipeline\\Pipeline.php(144): Illuminate\\Foundation\\Http\\Kernel->Illuminate\\Foundation\\Http\\{closure}(Object(Illuminate\\Http\\Request))
#32 D:\\papachchi-accounting-main\\app\\Http\\Middleware\\SyncProductsMiddleware.php(56): Illuminate\\Pipeline\\Pipeline->Illuminate\\Pipeline\\{closure}(Object(Illuminate\\Http\\Request))
#33 D:\\papachchi-accounting-main\\vendor\\laravel\\framework\\src\\Illuminate\\Pipeline\\Pipeline.php(183): App\\Http\\Middleware\\SyncProductsMiddleware->handle(Object(Illuminate\\Http\\Request), Object(Closure))
#34 D:\\papachchi-accounting-main\\vendor\\laravel\\framework\\src\\Illuminate\\Foundation\\Http\\Middleware\\TransformsRequest.php(21): Illuminate\\Pipeline\\Pipeline->Illuminate\\Pipeline\\{closure}(Object(Illuminate\\Http\\Request))
#35 D:\\papachchi-accounting-main\\vendor\\laravel\\framework\\src\\Illuminate\\Foundation\\Http\\Middleware\\ConvertEmptyStringsToNull.php(31): Illuminate\\Foundation\\Http\\Middleware\\TransformsRequest->handle(Object(Illuminate\\Http\\Request), Object(Closure))
#36 D:\\papachchi-accounting-main\\vendor\\laravel\\framework\\src\\Illuminate\\Pipeline\\Pipeline.php(183): Illuminate\\Foundation\\Http\\Middleware\\ConvertEmptyStringsToNull->handle(Object(Illuminate\\Http\\Request), Object(Closure))
#37 D:\\papachchi-accounting-main\\vendor\\laravel\\framework\\src\\Illuminate\\Foundation\\Http\\Middleware\\TransformsRequest.php(21): Illuminate\\Pipeline\\Pipeline->Illuminate\\Pipeline\\{closure}(Object(Illuminate\\Http\\Request))
#38 D:\\papachchi-accounting-main\\vendor\\laravel\\framework\\src\\Illuminate\\Foundation\\Http\\Middleware\\TrimStrings.php(40): Illuminate\\Foundation\\Http\\Middleware\\TransformsRequest->handle(Object(Illuminate\\Http\\Request), Object(Closure))
#39 D:\\papachchi-accounting-main\\vendor\\laravel\\framework\\src\\Illuminate\\Pipeline\\Pipeline.php(183): Illuminate\\Foundation\\Http\\Middleware\\TrimStrings->handle(Object(Illuminate\\Http\\Request), Object(Closure))
#40 D:\\papachchi-accounting-main\\vendor\\laravel\\framework\\src\\Illuminate\\Foundation\\Http\\Middleware\\ValidatePostSize.php(27): Illuminate\\Pipeline\\Pipeline->Illuminate\\Pipeline\\{closure}(Object(Illuminate\\Http\\Request))
#41 D:\\papachchi-accounting-main\\vendor\\laravel\\framework\\src\\Illuminate\\Pipeline\\Pipeline.php(183): Illuminate\\Foundation\\Http\\Middleware\\ValidatePostSize->handle(Object(Illuminate\\Http\\Request), Object(Closure))
#42 D:\\papachchi-accounting-main\\vendor\\laravel\\framework\\src\\Illuminate\\Foundation\\Http\\Middleware\\PreventRequestsDuringMaintenance.php(99): Illuminate\\Pipeline\\Pipeline->Illuminate\\Pipeline\\{closure}(Object(Illuminate\\Http\\Request))
#43 D:\\papachchi-accounting-main\\vendor\\laravel\\framework\\src\\Illuminate\\Pipeline\\Pipeline.php(183): Illuminate\\Foundation\\Http\\Middleware\\PreventRequestsDuringMaintenance->handle(Object(Illuminate\\Http\\Request), Object(Closure))
#44 D:\\papachchi-accounting-main\\vendor\\laravel\\framework\\src\\Illuminate\\Http\\Middleware\\HandleCors.php(49): Illuminate\\Pipeline\\Pipeline->Illuminate\\Pipeline\\{closure}(Object(Illuminate\\Http\\Request))
#45 D:\\papachchi-accounting-main\\vendor\\laravel\\framework\\src\\Illuminate\\Pipeline\\Pipeline.php(183): Illuminate\\Http\\Middleware\\HandleCors->handle(Object(Illuminate\\Http\\Request), Object(Closure))
#46 D:\\papachchi-accounting-main\\vendor\\laravel\\framework\\src\\Illuminate\\Http\\Middleware\\TrustProxies.php(39): Illuminate\\Pipeline\\Pipeline->Illuminate\\Pipeline\\{closure}(Object(Illuminate\\Http\\Request))
#47 D:\\papachchi-accounting-main\\vendor\\laravel\\framework\\src\\Illuminate\\Pipeline\\Pipeline.php(183): Illuminate\\Http\\Middleware\\TrustProxies->handle(Object(Illuminate\\Http\\Request), Object(Closure))
#48 D:\\papachchi-accounting-main\\vendor\\laravel\\framework\\src\\Illuminate\\Pipeline\\Pipeline.php(119): Illuminate\\Pipeline\\Pipeline->Illuminate\\Pipeline\\{closure}(Object(Illuminate\\Http\\Request))
#49 D:\\papachchi-accounting-main\\vendor\\laravel\\framework\\src\\Illuminate\\Foundation\\Http\\Kernel.php(175): Illuminate\\Pipeline\\Pipeline->then(Object(Closure))
#50 D:\\papachchi-accounting-main\\vendor\\laravel\\framework\\src\\Illuminate\\Foundation\\Http\\Kernel.php(144): Illuminate\\Foundation\\Http\\Kernel->sendRequestThroughRouter(Object(Illuminate\\Http\\Request))
#51 D:\\papachchi-accounting-main\\public\\index.php(51): Illuminate\\Foundation\\Http\\Kernel->handle(Object(Illuminate\\Http\\Request))
#52 D:\\papachchi-accounting-main\\vendor\\laravel\\framework\\src\\Illuminate\\Foundation\\resources\\server.php(16): require_once('D:\\\\papachchi-ac...')
#53 {main}

[previous exception] [object] (ParseError(code: 0): syntax error, unexpected token \")\" at D:\\papachchi-accounting-main\\storage\\framework\\views\\fc55ac026ad975a0352b272a32a2e83a.php:143)
[stacktrace]
#0 D:\\papachchi-accounting-main\\vendor\\laravel\\framework\\src\\Illuminate\\Filesystem\\Filesystem.php(124): Illuminate\\Filesystem\\Filesystem::Illuminate\\Filesystem\\{closure}()
#1 D:\\papachchi-accounting-main\\vendor\\laravel\\framework\\src\\Illuminate\\View\\Engines\\PhpEngine.php(58): Illuminate\\Filesystem\\Filesystem->getRequire('D:\\\\papachchi-ac...', Array)
#2 D:\\papachchi-accounting-main\\vendor\\laravel\\framework\\src\\Illuminate\\View\\Engines\\CompilerEngine.php(72): Illuminate\\View\\Engines\\PhpEngine->evaluatePath('D:\\\\papachchi-ac...', Array)
#3 D:\\papachchi-accounting-main\\vendor\\laravel\\framework\\src\\Illuminate\\View\\View.php(207): Illuminate\\View\\Engines\\CompilerEngine->get('D:\\\\papachchi-ac...', Array)
#4 D:\\papachchi-accounting-main\\vendor\\laravel\\framework\\src\\Illuminate\\View\\View.php(190): Illuminate\\View\\View->getContents()
#5 D:\\papachchi-accounting-main\\vendor\\laravel\\framework\\src\\Illuminate\\View\\View.php(159): Illuminate\\View\\View->renderContents()
#6 D:\\papachchi-accounting-main\\vendor\\laravel\\framework\\src\\Illuminate\\Http\\Response.php(69): Illuminate\\View\\View->render()
#7 D:\\papachchi-accounting-main\\vendor\\laravel\\framework\\src\\Illuminate\\Http\\Response.php(35): Illuminate\\Http\\Response->setContent(Object(Illuminate\\View\\View))
#8 D:\\papachchi-accounting-main\\vendor\\laravel\\framework\\src\\Illuminate\\Routing\\Router.php(918): Illuminate\\Http\\Response->__construct(Object(Illuminate\\View\\View), 200, Array)
#9 D:\\papachchi-accounting-main\\vendor\\laravel\\framework\\src\\Illuminate\\Routing\\Router.php(885): Illuminate\\Routing\\Router::toResponse(Object(Illuminate\\Http\\Request), Object(Illuminate\\View\\View))
#10 D:\\papachchi-accounting-main\\vendor\\laravel\\framework\\src\\Illuminate\\Routing\\Router.php(805): Illuminate\\Routing\\Router->prepareResponse(Object(Illuminate\\Http\\Request), Object(Illuminate\\View\\View))
#11 D:\\papachchi-accounting-main\\vendor\\laravel\\framework\\src\\Illuminate\\Pipeline\\Pipeline.php(144): Illuminate\\Routing\\Router->Illuminate\\Routing\\{closure}(Object(Illuminate\\Http\\Request))
#12 D:\\papachchi-accounting-main\\vendor\\laravel\\framework\\src\\Illuminate\\Routing\\Middleware\\SubstituteBindings.php(50): Illuminate\\Pipeline\\Pipeline->Illuminate\\Pipeline\\{closure}(Object(Illuminate\\Http\\Request))
#13 D:\\papachchi-accounting-main\\vendor\\laravel\\framework\\src\\Illuminate\\Pipeline\\Pipeline.php(183): Illuminate\\Routing\\Middleware\\SubstituteBindings->handle(Object(Illuminate\\Http\\Request), Object(Closure))
#14 D:\\papachchi-accounting-main\\vendor\\laravel\\framework\\src\\Illuminate\\Foundation\\Http\\Middleware\\VerifyCsrfToken.php(78): Illuminate\\Pipeline\\Pipeline->Illuminate\\Pipeline\\{closure}(Object(Illuminate\\Http\\Request))
#15 D:\\papachchi-accounting-main\\vendor\\laravel\\framework\\src\\Illuminate\\Pipeline\\Pipeline.php(183): Illuminate\\Foundation\\Http\\Middleware\\VerifyCsrfToken->handle(Object(Illuminate\\Http\\Request), Object(Closure))
#16 D:\\papachchi-accounting-main\\vendor\\laravel\\framework\\src\\Illuminate\\View\\Middleware\\ShareErrorsFromSession.php(49): Illuminate\\Pipeline\\Pipeline->Illuminate\\Pipeline\\{closure}(Object(Illuminate\\Http\\Request))
#17 D:\\papachchi-accounting-main\\vendor\\laravel\\framework\\src\\Illuminate\\Pipeline\\Pipeline.php(183): Illuminate\\View\\Middleware\\ShareErrorsFromSession->handle(Object(Illuminate\\Http\\Request), Object(Closure))
#18 D:\\papachchi-accounting-main\\vendor\\laravel\\framework\\src\\Illuminate\\Session\\Middleware\\StartSession.php(121): Illuminate\\Pipeline\\Pipeline->Illuminate\\Pipeline\\{closure}(Object(Illuminate\\Http\\Request))
#19 D:\\papachchi-accounting-main\\vendor\\laravel\\framework\\src\\Illuminate\\Session\\Middleware\\StartSession.php(64): Illuminate\\Session\\Middleware\\StartSession->handleStatefulRequest(Object(Illuminate\\Http\\Request), Object(Illuminate\\Session\\Store), Object(Closure))
#20 D:\\papachchi-accounting-main\\vendor\\laravel\\framework\\src\\Illuminate\\Pipeline\\Pipeline.php(183): Illuminate\\Session\\Middleware\\StartSession->handle(Object(Illuminate\\Http\\Request), Object(Closure))
#21 D:\\papachchi-accounting-main\\vendor\\laravel\\framework\\src\\Illuminate\\Cookie\\Middleware\\AddQueuedCookiesToResponse.php(37): Illuminate\\Pipeline\\Pipeline->Illuminate\\Pipeline\\{closure}(Object(Illuminate\\Http\\Request))
#22 D:\\papachchi-accounting-main\\vendor\\laravel\\framework\\src\\Illuminate\\Pipeline\\Pipeline.php(183): Illuminate\\Cookie\\Middleware\\AddQueuedCookiesToResponse->handle(Object(Illuminate\\Http\\Request), Object(Closure))
#23 D:\\papachchi-accounting-main\\vendor\\laravel\\framework\\src\\Illuminate\\Cookie\\Middleware\\EncryptCookies.php(67): Illuminate\\Pipeline\\Pipeline->Illuminate\\Pipeline\\{closure}(Object(Illuminate\\Http\\Request))
#24 D:\\papachchi-accounting-main\\vendor\\laravel\\framework\\src\\Illuminate\\Pipeline\\Pipeline.php(183): Illuminate\\Cookie\\Middleware\\EncryptCookies->handle(Object(Illuminate\\Http\\Request), Object(Closure))
#25 D:\\papachchi-accounting-main\\vendor\\laravel\\framework\\src\\Illuminate\\Pipeline\\Pipeline.php(119): Illuminate\\Pipeline\\Pipeline->Illuminate\\Pipeline\\{closure}(Object(Illuminate\\Http\\Request))
#26 D:\\papachchi-accounting-main\\vendor\\laravel\\framework\\src\\Illuminate\\Routing\\Router.php(805): Illuminate\\Pipeline\\Pipeline->then(Object(Closure))
#27 D:\\papachchi-accounting-main\\vendor\\laravel\\framework\\src\\Illuminate\\Routing\\Router.php(784): Illuminate\\Routing\\Router->runRouteWithinStack(Object(Illuminate\\Routing\\Route), Object(Illuminate\\Http\\Request))
#28 D:\\papachchi-accounting-main\\vendor\\laravel\\framework\\src\\Illuminate\\Routing\\Router.php(748): Illuminate\\Routing\\Router->runRoute(Object(Illuminate\\Http\\Request), Object(Illuminate\\Routing\\Route))
#29 D:\\papachchi-accounting-main\\vendor\\laravel\\framework\\src\\Illuminate\\Routing\\Router.php(737): Illuminate\\Routing\\Router->dispatchToRoute(Object(Illuminate\\Http\\Request))
#30 D:\\papachchi-accounting-main\\vendor\\laravel\\framework\\src\\Illuminate\\Foundation\\Http\\Kernel.php(200): Illuminate\\Routing\\Router->dispatch(Object(Illuminate\\Http\\Request))
#31 D:\\papachchi-accounting-main\\vendor\\laravel\\framework\\src\\Illuminate\\Pipeline\\Pipeline.php(144): Illuminate\\Foundation\\Http\\Kernel->Illuminate\\Foundation\\Http\\{closure}(Object(Illuminate\\Http\\Request))
#32 D:\\papachchi-accounting-main\\app\\Http\\Middleware\\SyncProductsMiddleware.php(56): Illuminate\\Pipeline\\Pipeline->Illuminate\\Pipeline\\{closure}(Object(Illuminate\\Http\\Request))
#33 D:\\papachchi-accounting-main\\vendor\\laravel\\framework\\src\\Illuminate\\Pipeline\\Pipeline.php(183): App\\Http\\Middleware\\SyncProductsMiddleware->handle(Object(Illuminate\\Http\\Request), Object(Closure))
#34 D:\\papachchi-accounting-main\\vendor\\laravel\\framework\\src\\Illuminate\\Foundation\\Http\\Middleware\\TransformsRequest.php(21): Illuminate\\Pipeline\\Pipeline->Illuminate\\Pipeline\\{closure}(Object(Illuminate\\Http\\Request))
#35 D:\\papachchi-accounting-main\\vendor\\laravel\\framework\\src\\Illuminate\\Foundation\\Http\\Middleware\\ConvertEmptyStringsToNull.php(31): Illuminate\\Foundation\\Http\\Middleware\\TransformsRequest->handle(Object(Illuminate\\Http\\Request), Object(Closure))
#36 D:\\papachchi-accounting-main\\vendor\\laravel\\framework\\src\\Illuminate\\Pipeline\\Pipeline.php(183): Illuminate\\Foundation\\Http\\Middleware\\ConvertEmptyStringsToNull->handle(Object(Illuminate\\Http\\Request), Object(Closure))
#37 D:\\papachchi-accounting-main\\vendor\\laravel\\framework\\src\\Illuminate\\Foundation\\Http\\Middleware\\TransformsRequest.php(21): Illuminate\\Pipeline\\Pipeline->Illuminate\\Pipeline\\{closure}(Object(Illuminate\\Http\\Request))
#38 D:\\papachchi-accounting-main\\vendor\\laravel\\framework\\src\\Illuminate\\Foundation\\Http\\Middleware\\TrimStrings.php(40): Illuminate\\Foundation\\Http\\Middleware\\TransformsRequest->handle(Object(Illuminate\\Http\\Request), Object(Closure))
#39 D:\\papachchi-accounting-main\\vendor\\laravel\\framework\\src\\Illuminate\\Pipeline\\Pipeline.php(183): Illuminate\\Foundation\\Http\\Middleware\\TrimStrings->handle(Object(Illuminate\\Http\\Request), Object(Closure))
#40 D:\\papachchi-accounting-main\\vendor\\laravel\\framework\\src\\Illuminate\\Foundation\\Http\\Middleware\\ValidatePostSize.php(27): Illuminate\\Pipeline\\Pipeline->Illuminate\\Pipeline\\{closure}(Object(Illuminate\\Http\\Request))
#41 D:\\papachchi-accounting-main\\vendor\\laravel\\framework\\src\\Illuminate\\Pipeline\\Pipeline.php(183): Illuminate\\Foundation\\Http\\Middleware\\ValidatePostSize->handle(Object(Illuminate\\Http\\Request), Object(Closure))
#42 D:\\papachchi-accounting-main\\vendor\\laravel\\framework\\src\\Illuminate\\Foundation\\Http\\Middleware\\PreventRequestsDuringMaintenance.php(99): Illuminate\\Pipeline\\Pipeline->Illuminate\\Pipeline\\{closure}(Object(Illuminate\\Http\\Request))
#43 D:\\papachchi-accounting-main\\vendor\\laravel\\framework\\src\\Illuminate\\Pipeline\\Pipeline.php(183): Illuminate\\Foundation\\Http\\Middleware\\PreventRequestsDuringMaintenance->handle(Object(Illuminate\\Http\\Request), Object(Closure))
#44 D:\\papachchi-accounting-main\\vendor\\laravel\\framework\\src\\Illuminate\\Http\\Middleware\\HandleCors.php(49): Illuminate\\Pipeline\\Pipeline->Illuminate\\Pipeline\\{closure}(Object(Illuminate\\Http\\Request))
#45 D:\\papachchi-accounting-main\\vendor\\laravel\\framework\\src\\Illuminate\\Pipeline\\Pipeline.php(183): Illuminate\\Http\\Middleware\\HandleCors->handle(Object(Illuminate\\Http\\Request), Object(Closure))
#46 D:\\papachchi-accounting-main\\vendor\\laravel\\framework\\src\\Illuminate\\Http\\Middleware\\TrustProxies.php(39): Illuminate\\Pipeline\\Pipeline->Illuminate\\Pipeline\\{closure}(Object(Illuminate\\Http\\Request))
#47 D:\\papachchi-accounting-main\\vendor\\laravel\\framework\\src\\Illuminate\\Pipeline\\Pipeline.php(183): Illuminate\\Http\\Middleware\\TrustProxies->handle(Object(Illuminate\\Http\\Request), Object(Closure))
#48 D:\\papachchi-accounting-main\\vendor\\laravel\\framework\\src\\Illuminate\\Pipeline\\Pipeline.php(119): Illuminate\\Pipeline\\Pipeline->Illuminate\\Pipeline\\{closure}(Object(Illuminate\\Http\\Request))
#49 D:\\papachchi-accounting-main\\vendor\\laravel\\framework\\src\\Illuminate\\Foundation\\Http\\Kernel.php(175): Illuminate\\Pipeline\\Pipeline->then(Object(Closure))
#50 D:\\papachchi-accounting-main\\vendor\\laravel\\framework\\src\\Illuminate\\Foundation\\Http\\Kernel.php(144): Illuminate\\Foundation\\Http\\Kernel->sendRequestThroughRouter(Object(Illuminate\\Http\\Request))
#51 D:\\papachchi-accounting-main\\public\\index.php(51): Illuminate\\Foundation\\Http\\Kernel->handle(Object(Illuminate\\Http\\Request))
#52 D:\\papachchi-accounting-main\\vendor\\laravel\\framework\\src\\Illuminate\\Foundation\\resources\\server.php(16): require_once('D:\\\\papachchi-ac...')
#53 {main}
"} 
[2025-02-09 10:07:03] local.INFO: Preloaded Box Products: [{"stdClass":{"id":27,"branch_id":8,"product_id":516,"branch_name":"jaffna","product_name":"bd","total_quantity":9,"selling_price":"6655.00","created_at":"2025-02-08 11:41:57","updated_at":"2025-02-09 09:39:40","product_type":"box"}},{"stdClass":{"id":28,"branch_id":8,"product_id":517,"branch_name":"jaffna","product_name":"bxe","total_quantity":8,"selling_price":"14.00","created_at":"2025-02-08 11:41:57","updated_at":"2025-02-09 09:39:40","product_type":"box"}},{"stdClass":{"id":29,"branch_id":8,"product_id":518,"branch_name":"jaffna","product_name":"bvr","total_quantity":15,"selling_price":"16.00","created_at":"2025-02-08 11:41:57","updated_at":"2025-02-08 11:43:05","product_type":"box"}},{"stdClass":{"id":31,"branch_id":7,"product_id":516,"branch_name":"vavuniya","product_name":"bd","total_quantity":6,"selling_price":"6655.00","created_at":"2025-02-08 11:42:36","updated_at":"2025-02-09 09:39:40","product_type":"box"}},{"stdClass":{"id":32,"branch_id":7,"product_id":517,"branch_name":"vavuniya","product_name":"bxe","total_quantity":7,"selling_price":"14.00","created_at":"2025-02-08 11:42:36","updated_at":"2025-02-09 09:39:40","product_type":"box"}},{"stdClass":{"id":33,"branch_id":7,"product_id":518,"branch_name":"vavuniya","product_name":"bvr","total_quantity":0,"selling_price":"16.00","created_at":"2025-02-08 11:42:36","updated_at":"2025-02-08 13:29:43","product_type":"box"}},{"stdClass":{"id":34,"branch_id":11,"product_id":516,"branch_name":"elil","product_name":"bd","total_quantity":0,"selling_price":"6655.00","created_at":"2025-02-08 12:11:28","updated_at":"2025-02-08 12:13:27","product_type":"box"}},{"stdClass":{"id":35,"branch_id":11,"product_id":517,"branch_name":"elil","product_name":"bxe","total_quantity":0,"selling_price":"14.00","created_at":"2025-02-08 12:11:28","updated_at":"2025-02-08 13:31:45","product_type":"box"}}] 
[2025-02-09 10:07:03] local.INFO: Preloaded Flower Products: [{"stdClass":{"id":30,"branch_id":8,"product_id":7009,"branch_name":"jaffna","product_name":"f2","total_quantity":15,"selling_price":"6565.00","created_at":"2025-02-08 11:41:57","updated_at":"2025-02-08 11:41:57","product_type":"flower"}},{"stdClass":{"id":36,"branch_id":7,"product_id":7009,"branch_name":"vavuniya","product_name":"f2","total_quantity":12,"selling_price":"6565.00","created_at":"2025-02-08 12:37:30","updated_at":"2025-02-08 14:16:52","product_type":"flower"}},{"stdClass":{"id":37,"branch_id":7,"product_id":7010,"branch_name":"vavuniya","product_name":"f3","total_quantity":2,"selling_price":"145.00","created_at":"2025-02-08 12:37:31","updated_at":"2025-02-08 14:16:52","product_type":"flower"}},{"stdClass":{"id":38,"branch_id":11,"product_id":7009,"branch_name":"elil","product_name":"f2","total_quantity":0,"selling_price":"6565.00","created_at":"2025-02-08 13:30:20","updated_at":"2025-02-08 13:31:45","product_type":"flower"}}] 
